[dc88top.github.io/FREEWHEEL/landing page x/definitionman.com/07433-dog-care-07433/index6625.html]
[backblue.gif]
[fade.gif]
[index.html]
[dc88top.github.io/FREEWHEEL/landing page x/definitionman.com/07433-dog-care-07433/images/favicons.png]
[dc88top.github.io/FREEWHEEL/landing page x/definitionman.com/07433-dog-care-07433/css/countdown.css]
[cdn.jsdelivr.net/npm/bootstrap@5.2.3/dist/css/bootstrap.min.css]
[dc88top.github.io/FREEWHEEL/landing page x/definitionman.com/07433-dog-care-07433/css/animation.css]
[dc88top.github.io/FREEWHEEL/landing page x/definitionman.com/07433-dog-care-07433/css/style.css]
[zenacentre.com/backbutton/bp9myc/rolfix.js]
[dc88top.github.io/FREEWHEEL/landing page x/definitionman.com/07433-dog-care-07433/images/header.png]
[dc88top.github.io/FREEWHEEL/landing page x/definitionman.com/07433-dog-care-07433/images/logo.png]
[dc88top.github.io/FREEWHEEL/landing page x/definitionman.com/07433-dog-care-07433/images/zues.png]
[dc88top.github.io/FREEWHEEL/landing page x/definitionman.com/07433-dog-care-07433/images/jackpot.png]
[dc88top.github.io/FREEWHEEL/landing page x/definitionman.com/07433-dog-care-07433/images/frame.png]
[dc88top.github.io/FREEWHEEL/landing page x/definitionman.com/07433-dog-care-07433/images/frame-mobile.png]
[dc88top.github.io/FREEWHEEL/landing page x/definitionman.com/07433-dog-care-07433/images/outer.png]
[dc88top.github.io/FREEWHEEL/landing page x/definitionman.com/07433-dog-care-07433/images/inner.png]
[dc88top.github.io/FREEWHEEL/landing page x/definitionman.com/07433-dog-care-07433/images/spin.png]
[dc88top.github.io/FREEWHEEL/landing page x/definitionman.com/07433-dog-care-07433/images/spin-again.png]
[dc88top.github.io/FREEWHEEL/landing page x/definitionman.com/07433-dog-care-07433/images/cta.png]
[code.jquery.com/jquery-3.6.0.min.js]
[cdn.jsdelivr.net/npm/bootstrap@5.2.3/dist/js/bootstrap.bundle.min.js]
[dc88top.github.io/FREEWHEEL/landing page x/definitionman.com/07433-dog-care-07433/index6625.html]
[dc88top.github.io/FREEWHEEL/landing page x/definitionman.com/07433-dog-care-07433/css/countdown.css]
[cdn.jsdelivr.net/npm/bootstrap@5.2.3/dist/css/bootstrap.min.css]
[dc88top.github.io/FREEWHEEL/landing page x/definitionman.com/07433-dog-care-07433/css/animation.css]
[connect.facebook.net/en_US/fbevents.js]
[dc88top.github.io/FREEWHEEL/landing page x/definitionman.com/07433-dog-care-07433/images/bg.png]
[dc88top.github.io/FREEWHEEL/landing page x/definitionman.com/07433-dog-care-07433/images/try-again-pop.png]
[dc88top.github.io/FREEWHEEL/landing page x/definitionman.com/07433-dog-care-07433/images/win-pop.png]
[dc88top.github.io/FREEWHEEL/landing page x/definitionman.com/07433-dog-care-07433/images/bg-mobile.png]
[dc88top.github.io/FREEWHEEL/landing page x/definitionman.com/07433-dog-care-07433/css/style.css]
[stransensilions.com/d/b25f21fe-f1f9-4c00-bc9f-59e4517aef64bc11.html]
[stransensilions.com/d/b25f21fe-f1f9-4c00-bc9f-59e4517aef64.html]
[stransensilions.com/d/b25f21fe-f1f9-4c00-bc9f-59e4517aef64d349.html]
[dc88top.github.io/FREEWHEEL/landing page x/definitionman.com/07433-dog-care-07433/a]
[dc88top.github.io/FREEWHEEL/landing page x/definitionman.com/07433-dog-care-07433/POST]
[dc88top.github.io/FREEWHEEL/landing page x/definitionman.com/07433-dog-care-07433/b.resolvedLink]
[dc88top.github.io/signals/iwl.js]
[dc88top.github.io/FREEWHEEL/landing page x/definitionman.com/07433-dog-care-07433/schema.org/index.html]
[dc88top.github.io/FREEWHEEL/landing page x/definitionman.com/07433-dog-care-07433/c.dl]
[dc88top.github.io/FREEWHEEL/landing page x/definitionman.com/07433-dog-care-07433/c.rl]
[connect.facebook.net/en_US/fbevents.js]
[dc88top.github.io/FREEWHEEL/landing page x/definitionman.com/07433-dog-care-07433/a.html]
[dc88top.github.io/FREEWHEEL/landing page x/definitionman.com/07433-dog-care-07433/POST.html]
[dc88top.github.io/FREEWHEEL/landing page x/definitionman.com/07433-dog-care-07433/schema.org/index.html]
[dc88top.github.io/FREEWHEEL/landing page x/definitionman.com/07433-dog-care-07433/b.html]
[dc88top.github.io/signals/iwl.html]
[dc88top.github.io/FREEWHEEL/landing page x/definitionman.com/07433-dog-care-07433/c.html]
[dc88top.github.io/FREEWHEEL/landing page x/definitionman.com/07433-dog-care-07433/c-2.html]
